<?xml version="1.0" encoding="UTF-8"?>
<!-- Generated by org.testng.reporters.JUnitReportReporter -->
<testsuite skipped="0" hostname="DESKTOP-HUDNDMF" name="com.expedia.flightsbooking.JdbcDemoTest" tests="1" failures="0" timestamp="18 Mar 2019 05:01:28 GMT" time="2.209" errors="0">
  <testcase name="test1" time="2.209" classname="com.expedia.flightsbooking.JdbcDemoTest"/>
</testsuite> <!-- com.expedia.flightsbooking.JdbcDemoTest -->
